2025/05/28 19:06:17 checking for updates...
2025/05/28 19:06:17 start to fetch versions
2025/05/28 19:06:17 failed to decode versionsCustomize.bin
2025/05/28 19:06:17 localMD5 url 7293b585f17f88f1354b463b6e4bf2af remoteMD5 url 7293b585f17f88f1354b463b6e4bf2af
2025/05/28 19:06:17  localMD5 == fileInfo.MD5
2025/05/28 19:06:17 failed to decode versionsfacebook.bin
2025/05/28 19:06:17 failed to open resources\exts\preload\facebook.binerr :open resources\exts\preload\facebook.bin: The system cannot find the file specified.
2025/05/28 19:06:17 failed to update file: facebook.bin, error: failed to open resources\exts\preload\facebook.bin: open resources\exts\preload\facebook.bin: The system cannot find the file specified.
2025/05/28 19:06:17 failed to decode versionsinstagram.bin
2025/05/28 19:06:17 failed to open resources\exts\preload\instagram.binerr :open resources\exts\preload\instagram.bin: The system cannot find the file specified.
2025/05/28 19:06:17 failed to update file: instagram.bin, error: failed to open resources\exts\preload\instagram.bin: open resources\exts\preload\instagram.bin: The system cannot find the file specified.
2025/05/28 19:06:17 failed to decode versionstelegram.bin
2025/05/28 19:06:17 failed to open resources\exts\preload\telegram.binerr :open resources\exts\preload\telegram.bin: The system cannot find the file specified.
2025/05/28 19:06:17 failed to update file: telegram.bin, error: failed to open resources\exts\preload\telegram.bin: open resources\exts\preload\telegram.bin: The system cannot find the file specified.
2025/05/28 19:06:22 checking for updates...
2025/05/28 19:06:22 start to fetch versions
2025/05/28 19:06:22 failed to decode versionsCustomize.bin
2025/05/28 19:06:22 localMD5 url 7293b585f17f88f1354b463b6e4bf2af remoteMD5 url 7293b585f17f88f1354b463b6e4bf2af
2025/05/28 19:06:22  localMD5 == fileInfo.MD5
2025/05/28 19:06:22 failed to decode versionsfacebook.bin
2025/05/28 19:06:22 failed to open resources\exts\preload\facebook.binerr :open resources\exts\preload\facebook.bin: The system cannot find the file specified.
2025/05/28 19:06:22 failed to update file: facebook.bin, error: failed to open resources\exts\preload\facebook.bin: open resources\exts\preload\facebook.bin: The system cannot find the file specified.
2025/05/28 19:06:22 failed to decode versionsinstagram.bin
2025/05/28 19:06:22 failed to open resources\exts\preload\instagram.binerr :open resources\exts\preload\instagram.bin: The system cannot find the file specified.
2025/05/28 19:06:22 failed to update file: instagram.bin, error: failed to open resources\exts\preload\instagram.bin: open resources\exts\preload\instagram.bin: The system cannot find the file specified.
2025/05/28 19:06:22 failed to decode versionstelegram.bin
2025/05/28 19:06:22 failed to open resources\exts\preload\telegram.binerr :open resources\exts\preload\telegram.bin: The system cannot find the file specified.
2025/05/28 19:06:22 failed to update file: telegram.bin, error: failed to open resources\exts\preload\telegram.bin: open resources\exts\preload\telegram.bin: The system cannot find the file specified.
2025/05/28 19:06:27 checking for updates...
2025/05/28 19:06:27 start to fetch versions
2025/05/28 19:06:27 failed to decode versionsCustomize.bin
2025/05/28 19:06:27 localMD5 url 7293b585f17f88f1354b463b6e4bf2af remoteMD5 url 7293b585f17f88f1354b463b6e4bf2af
2025/05/28 19:06:27  localMD5 == fileInfo.MD5
2025/05/28 19:06:27 failed to decode versionsfacebook.bin
2025/05/28 19:06:27 failed to open resources\exts\preload\facebook.binerr :open resources\exts\preload\facebook.bin: The system cannot find the file specified.
2025/05/28 19:06:27 failed to update file: facebook.bin, error: failed to open resources\exts\preload\facebook.bin: open resources\exts\preload\facebook.bin: The system cannot find the file specified.
2025/05/28 19:06:27 failed to decode versionsinstagram.bin
2025/05/28 19:06:27 failed to open resources\exts\preload\instagram.binerr :open resources\exts\preload\instagram.bin: The system cannot find the file specified.
2025/05/28 19:06:27 failed to update file: instagram.bin, error: failed to open resources\exts\preload\instagram.bin: open resources\exts\preload\instagram.bin: The system cannot find the file specified.
2025/05/28 19:06:27 failed to decode versionstelegram.bin
2025/05/28 19:06:27 failed to open resources\exts\preload\telegram.binerr :open resources\exts\preload\telegram.bin: The system cannot find the file specified.
2025/05/28 19:06:27 failed to update file: telegram.bin, error: failed to open resources\exts\preload\telegram.bin: open resources\exts\preload\telegram.bin: The system cannot find the file specified.
2025/05/28 19:06:32 checking for updates...
2025/05/28 19:06:32 start to fetch versions
2025/05/28 19:06:33 failed to decode versionsCustomize.bin
2025/05/28 19:06:33 localMD5 url 7293b585f17f88f1354b463b6e4bf2af remoteMD5 url 7293b585f17f88f1354b463b6e4bf2af
2025/05/28 19:06:33  localMD5 == fileInfo.MD5
2025/05/28 19:06:33 failed to decode versionsfacebook.bin
2025/05/28 19:06:33 failed to open resources\exts\preload\facebook.binerr :open resources\exts\preload\facebook.bin: The system cannot find the file specified.
2025/05/28 19:06:33 failed to update file: facebook.bin, error: failed to open resources\exts\preload\facebook.bin: open resources\exts\preload\facebook.bin: The system cannot find the file specified.
2025/05/28 19:06:33 failed to decode versionsinstagram.bin
2025/05/28 19:06:33 failed to open resources\exts\preload\instagram.binerr :open resources\exts\preload\instagram.bin: The system cannot find the file specified.
2025/05/28 19:06:33 failed to update file: instagram.bin, error: failed to open resources\exts\preload\instagram.bin: open resources\exts\preload\instagram.bin: The system cannot find the file specified.
2025/05/28 19:06:33 failed to decode versionstelegram.bin
2025/05/28 19:06:33 failed to open resources\exts\preload\telegram.binerr :open resources\exts\preload\telegram.bin: The system cannot find the file specified.
2025/05/28 19:06:33 failed to update file: telegram.bin, error: failed to open resources\exts\preload\telegram.bin: open resources\exts\preload\telegram.bin: The system cannot find the file specified.
2025/05/28 19:06:38 checking for updates...
2025/05/28 19:06:38 start to fetch versions
2025/05/28 19:06:38 failed to decode versionsCustomize.bin
2025/05/28 19:06:38 localMD5 url 7293b585f17f88f1354b463b6e4bf2af remoteMD5 url 7293b585f17f88f1354b463b6e4bf2af
2025/05/28 19:06:38  localMD5 == fileInfo.MD5
2025/05/28 19:06:38 failed to decode versionsfacebook.bin
2025/05/28 19:06:38 failed to open resources\exts\preload\facebook.binerr :open resources\exts\preload\facebook.bin: The system cannot find the file specified.
2025/05/28 19:06:38 failed to update file: facebook.bin, error: failed to open resources\exts\preload\facebook.bin: open resources\exts\preload\facebook.bin: The system cannot find the file specified.
2025/05/28 19:06:38 failed to decode versionsinstagram.bin
2025/05/28 19:06:38 failed to open resources\exts\preload\instagram.binerr :open resources\exts\preload\instagram.bin: The system cannot find the file specified.
2025/05/28 19:06:38 failed to update file: instagram.bin, error: failed to open resources\exts\preload\instagram.bin: open resources\exts\preload\instagram.bin: The system cannot find the file specified.
2025/05/28 19:06:38 failed to decode versionstelegram.bin
2025/05/28 19:06:38 failed to open resources\exts\preload\telegram.binerr :open resources\exts\preload\telegram.bin: The system cannot find the file specified.
2025/05/28 19:06:38 failed to update file: telegram.bin, error: failed to open resources\exts\preload\telegram.bin: open resources\exts\preload\telegram.bin: The system cannot find the file specified.
2025/05/28 19:06:43 checking for updates...
2025/05/28 19:06:43 start to fetch versions
2025/05/28 19:06:43 failed to decode versionsCustomize.bin
2025/05/28 19:06:43 localMD5 url 7293b585f17f88f1354b463b6e4bf2af remoteMD5 url 7293b585f17f88f1354b463b6e4bf2af
2025/05/28 19:06:43  localMD5 == fileInfo.MD5
2025/05/28 19:06:43 failed to decode versionsfacebook.bin
2025/05/28 19:06:43 failed to open resources\exts\preload\facebook.binerr :open resources\exts\preload\facebook.bin: The system cannot find the file specified.
2025/05/28 19:06:43 failed to update file: facebook.bin, error: failed to open resources\exts\preload\facebook.bin: open resources\exts\preload\facebook.bin: The system cannot find the file specified.
2025/05/28 19:06:43 failed to decode versionsinstagram.bin
2025/05/28 19:06:43 failed to open resources\exts\preload\instagram.binerr :open resources\exts\preload\instagram.bin: The system cannot find the file specified.
2025/05/28 19:06:43 failed to update file: instagram.bin, error: failed to open resources\exts\preload\instagram.bin: open resources\exts\preload\instagram.bin: The system cannot find the file specified.
2025/05/28 19:06:43 failed to decode versionstelegram.bin
2025/05/28 19:06:43 failed to open resources\exts\preload\telegram.binerr :open resources\exts\preload\telegram.bin: The system cannot find the file specified.
2025/05/28 19:06:43 failed to update file: telegram.bin, error: failed to open resources\exts\preload\telegram.bin: open resources\exts\preload\telegram.bin: The system cannot find the file specified.
2025/05/28 19:06:48 checking for updates...
2025/05/28 19:06:48 start to fetch versions
2025/05/28 19:06:48 failed to decode versionsCustomize.bin
2025/05/28 19:06:48 localMD5 url 7293b585f17f88f1354b463b6e4bf2af remoteMD5 url 7293b585f17f88f1354b463b6e4bf2af
2025/05/28 19:06:48  localMD5 == fileInfo.MD5
2025/05/28 19:06:48 failed to decode versionsfacebook.bin
2025/05/28 19:06:48 failed to open resources\exts\preload\facebook.binerr :open resources\exts\preload\facebook.bin: The system cannot find the file specified.
2025/05/28 19:06:48 failed to update file: facebook.bin, error: failed to open resources\exts\preload\facebook.bin: open resources\exts\preload\facebook.bin: The system cannot find the file specified.
2025/05/28 19:06:48 failed to decode versionsinstagram.bin
2025/05/28 19:06:48 failed to open resources\exts\preload\instagram.binerr :open resources\exts\preload\instagram.bin: The system cannot find the file specified.
2025/05/28 19:06:48 failed to update file: instagram.bin, error: failed to open resources\exts\preload\instagram.bin: open resources\exts\preload\instagram.bin: The system cannot find the file specified.
2025/05/28 19:06:48 failed to decode versionstelegram.bin
2025/05/28 19:06:48 failed to open resources\exts\preload\telegram.binerr :open resources\exts\preload\telegram.bin: The system cannot find the file specified.
2025/05/28 19:06:48 failed to update file: telegram.bin, error: failed to open resources\exts\preload\telegram.bin: open resources\exts\preload\telegram.bin: The system cannot find the file specified.
2025/05/28 19:06:53 checking for updates...
2025/05/28 19:06:53 start to fetch versions
2025/05/28 19:06:53 failed to decode versionsCustomize.bin
2025/05/28 19:06:53 localMD5 url 7293b585f17f88f1354b463b6e4bf2af remoteMD5 url 7293b585f17f88f1354b463b6e4bf2af
2025/05/28 19:06:53  localMD5 == fileInfo.MD5
2025/05/28 19:06:53 failed to decode versionsfacebook.bin
2025/05/28 19:06:53 failed to open resources\exts\preload\facebook.binerr :open resources\exts\preload\facebook.bin: The system cannot find the file specified.
2025/05/28 19:06:53 failed to update file: facebook.bin, error: failed to open resources\exts\preload\facebook.bin: open resources\exts\preload\facebook.bin: The system cannot find the file specified.
2025/05/28 19:06:53 failed to decode versionsinstagram.bin
2025/05/28 19:06:53 failed to open resources\exts\preload\instagram.binerr :open resources\exts\preload\instagram.bin: The system cannot find the file specified.
2025/05/28 19:06:53 failed to update file: instagram.bin, error: failed to open resources\exts\preload\instagram.bin: open resources\exts\preload\instagram.bin: The system cannot find the file specified.
2025/05/28 19:06:53 failed to decode versionstelegram.bin
2025/05/28 19:06:53 failed to open resources\exts\preload\telegram.binerr :open resources\exts\preload\telegram.bin: The system cannot find the file specified.
2025/05/28 19:06:53 failed to update file: telegram.bin, error: failed to open resources\exts\preload\telegram.bin: open resources\exts\preload\telegram.bin: The system cannot find the file specified.
2025/05/28 19:06:58 checking for updates...
2025/05/28 19:06:58 start to fetch versions
2025/05/28 19:06:58 failed to decode versionsCustomize.bin
2025/05/28 19:06:58 localMD5 url 7293b585f17f88f1354b463b6e4bf2af remoteMD5 url 7293b585f17f88f1354b463b6e4bf2af
2025/05/28 19:06:58  localMD5 == fileInfo.MD5
2025/05/28 19:06:58 failed to decode versionsfacebook.bin
2025/05/28 19:06:58 failed to open resources\exts\preload\facebook.binerr :open resources\exts\preload\facebook.bin: The system cannot find the file specified.
2025/05/28 19:06:58 failed to update file: facebook.bin, error: failed to open resources\exts\preload\facebook.bin: open resources\exts\preload\facebook.bin: The system cannot find the file specified.
2025/05/28 19:06:58 failed to decode versionsinstagram.bin
2025/05/28 19:06:58 failed to open resources\exts\preload\instagram.binerr :open resources\exts\preload\instagram.bin: The system cannot find the file specified.
2025/05/28 19:06:58 failed to update file: instagram.bin, error: failed to open resources\exts\preload\instagram.bin: open resources\exts\preload\instagram.bin: The system cannot find the file specified.
2025/05/28 19:06:58 failed to decode versionstelegram.bin
2025/05/28 19:06:58 failed to open resources\exts\preload\telegram.binerr :open resources\exts\preload\telegram.bin: The system cannot find the file specified.
2025/05/28 19:06:58 failed to update file: telegram.bin, error: failed to open resources\exts\preload\telegram.bin: open resources\exts\preload\telegram.bin: The system cannot find the file specified.
2025/05/28 19:07:03 checking for updates...
2025/05/28 19:07:03 start to fetch versions
2025/05/28 19:07:04 failed to decode versionsCustomize.bin
2025/05/28 19:07:04 localMD5 url 7293b585f17f88f1354b463b6e4bf2af remoteMD5 url 7293b585f17f88f1354b463b6e4bf2af
2025/05/28 19:07:04  localMD5 == fileInfo.MD5
2025/05/28 19:07:04 failed to decode versionsfacebook.bin
2025/05/28 19:07:04 failed to open resources\exts\preload\facebook.binerr :open resources\exts\preload\facebook.bin: The system cannot find the file specified.
2025/05/28 19:07:04 failed to update file: facebook.bin, error: failed to open resources\exts\preload\facebook.bin: open resources\exts\preload\facebook.bin: The system cannot find the file specified.
2025/05/28 19:07:04 failed to decode versionsinstagram.bin
2025/05/28 19:07:04 failed to open resources\exts\preload\instagram.binerr :open resources\exts\preload\instagram.bin: The system cannot find the file specified.
2025/05/28 19:07:04 failed to update file: instagram.bin, error: failed to open resources\exts\preload\instagram.bin: open resources\exts\preload\instagram.bin: The system cannot find the file specified.
2025/05/28 19:07:04 failed to decode versionstelegram.bin
2025/05/28 19:07:04 failed to open resources\exts\preload\telegram.binerr :open resources\exts\preload\telegram.bin: The system cannot find the file specified.
2025/05/28 19:07:04 failed to update file: telegram.bin, error: failed to open resources\exts\preload\telegram.bin: open resources\exts\preload\telegram.bin: The system cannot find the file specified.
2025/05/28 19:07:08 Service stopped.
